Build started 11/4/2019 10:23:52 AM.
     1>Project "C:\Users\VietNamSon\OneDrive\Desktop\Caro\Lam Game Caro\Game Caro\Version_1\Version_1.vcxproj" on node 2 (Build target(s)).
     1>ClCompile:
         C:\Program Files (x86)\Microsoft Visual Studio 11.0\VC\bin\CL.exe /c /Zi /nologo /W3 /WX- /O2 /Oi /Oy- /GL /D _MBCS /Gm- /EHsc /MD /GS /Gy /fp:precise /Zc:wchar_t /Zc:forScope /Fo"Release\\" /Fd"Release\vc110.pdb" /Gd /TP /analyze- /errorReport:prompt Source.cpp
         Source.cpp
     1>Source.cpp(216): warning C4244: 'initializing' : conversion from 'double' to 'int', possible loss of data
     1>Source.cpp(263): warning C4244: 'initializing' : conversion from 'double' to 'int', possible loss of data
     1>Source.cpp(330): warning C4244: 'initializing' : conversion from 'double' to 'int', possible loss of data
     1>Source.cpp(484): warning C4244: 'initializing' : conversion from 'double' to 'int', possible loss of data
     1>Source.cpp(399): warning C4101: 'DoDaiNoiDungThongBao' : unreferenced local variable
     1>Source.cpp(621): warning C4996: 'kbhit': The POSIX name for this item is deprecated. Instead, use the ISO C++ conformant name: _kbhit. See online help for details.
                 C:\Program Files (x86)\Microsoft Visual Studio 11.0\VC\include\conio.h(133) : see declaration of 'kbhit'
     1>Source.cpp(623): warning C4996: 'getch': The POSIX name for this item is deprecated. Instead, use the ISO C++ conformant name: _getch. See online help for details.
                 C:\Program Files (x86)\Microsoft Visual Studio 11.0\VC\include\conio.h(131) : see declaration of 'getch'
     1>Source.cpp(627): warning C4996: 'getch': The POSIX name for this item is deprecated. Instead, use the ISO C++ conformant name: _getch. See online help for details.
                 C:\Program Files (x86)\Microsoft Visual Studio 11.0\VC\include\conio.h(131) : see declaration of 'getch'
       Link:
         C:\Program Files (x86)\Microsoft Visual Studio 11.0\VC\bin\link.exe /ERRORREPORT:PROMPT /OUT:"C:\Users\VietNamSon\OneDrive\Desktop\Caro\Lam Game Caro\Game Caro\Release\Version_1.exe" /NOLOGO kernel32.lib user32.lib gdi32.lib winspool.lib comdlg32.lib advapi32.lib shell32.lib ole32.lib oleaut32.lib uuid.lib odbc32.lib odbccp32.lib /MANIFEST /MANIFESTUAC:"level='asInvoker' uiAccess='false'" /manifest:embed /DEBUG /PDB:"C:\Users\VietNamSon\OneDrive\Desktop\Caro\Lam Game Caro\Game Caro\Release\Version_1.pdb" /OPT:REF /OPT:ICF /LTCG /TLBID:1 /DYNAMICBASE /NXCOMPAT /IMPLIB:"C:\Users\VietNamSon\OneDrive\Desktop\Caro\Lam Game Caro\Game Caro\Release\Version_1.lib" /MACHINE:X86 /SAFESEH Release\Source.obj
         Generating code
         Finished generating code
         Version_1.vcxproj -> C:\Users\VietNamSon\OneDrive\Desktop\Caro\Lam Game Caro\Game Caro\Release\Version_1.exe
     1>Done Building Project "C:\Users\VietNamSon\OneDrive\Desktop\Caro\Lam Game Caro\Game Caro\Version_1\Version_1.vcxproj" (Build target(s)).

Build succeeded.

Time Elapsed 00:00:03.77
