C:\USERS\VIETNAMSON\ONEDRIVE\DESKTOP\CARO\LAM GAME CARO\GAME CARO\VERSION_1\DEBUG\SOURCE.OBJ
C:\USERS\VIETNAMSON\ONEDRIVE\DESKTOP\CARO\LAM GAME CARO\GAME CARO\VERSION_1\DEBUG\VC110.PDB
C:\Users\VietNamSon\OneDrive\Desktop\Caro\Lam Game Caro\Game Caro\Version_1\Debug\Source.obj
C:\Users\VietNamSon\OneDrive\Desktop\Caro\Lam Game Caro\Game Caro\Version_1\Debug\cl.command.1.tlog
C:\Users\VietNamSon\OneDrive\Desktop\Caro\Lam Game Caro\Game Caro\Version_1\Debug\CL.read.1.tlog
C:\Users\VietNamSon\OneDrive\Desktop\Caro\Lam Game Caro\Game Caro\Version_1\Debug\CL.write.1.tlog
C:\Users\VietNamSon\OneDrive\Desktop\Caro\Lam Game Caro\Game Caro\Version_1\Debug\link-cvtres.read.1.tlog
C:\Users\VietNamSon\OneDrive\Desktop\Caro\Lam Game Caro\Game Caro\Version_1\Debug\link-cvtres.write.1.tlog
C:\Users\VietNamSon\OneDrive\Desktop\Caro\Lam Game Caro\Game Caro\Version_1\Debug\link-rc.read.1.tlog
C:\Users\VietNamSon\OneDrive\Desktop\Caro\Lam Game Caro\Game Caro\Version_1\Debug\link-rc.write.1.tlog
C:\Users\VietNamSon\OneDrive\Desktop\Caro\Lam Game Caro\Game Caro\Version_1\Debug\link.11668-cvtres.read.1.tlog
C:\Users\VietNamSon\OneDrive\Desktop\Caro\Lam Game Caro\Game Caro\Version_1\Debug\link.11668-cvtres.write.1.tlog
C:\Users\VietNamSon\OneDrive\Desktop\Caro\Lam Game Caro\Game Caro\Version_1\Debug\link.11668-rc.read.1.tlog
C:\Users\VietNamSon\OneDrive\Desktop\Caro\Lam Game Caro\Game Caro\Version_1\Debug\link.11668-rc.write.1.tlog
C:\Users\VietNamSon\OneDrive\Desktop\Caro\Lam Game Caro\Game Caro\Version_1\Debug\link.11668.read.1.tlog
C:\Users\VietNamSon\OneDrive\Desktop\Caro\Lam Game Caro\Game Caro\Version_1\Debug\link.11668.write.1.tlog
C:\Users\VietNamSon\OneDrive\Desktop\Caro\Lam Game Caro\Game Caro\Version_1\Debug\link.17048-cvtres.read.1.tlog
C:\Users\VietNamSon\OneDrive\Desktop\Caro\Lam Game Caro\Game Caro\Version_1\Debug\link.17048-cvtres.write.1.tlog
C:\Users\VietNamSon\OneDrive\Desktop\Caro\Lam Game Caro\Game Caro\Version_1\Debug\link.17048-rc.read.1.tlog
C:\Users\VietNamSon\OneDrive\Desktop\Caro\Lam Game Caro\Game Caro\Version_1\Debug\link.17048-rc.write.1.tlog
C:\Users\VietNamSon\OneDrive\Desktop\Caro\Lam Game Caro\Game Caro\Version_1\Debug\link.17048.read.1.tlog
C:\Users\VietNamSon\OneDrive\Desktop\Caro\Lam Game Caro\Game Caro\Version_1\Debug\link.17048.write.1.tlog
C:\Users\VietNamSon\OneDrive\Desktop\Caro\Lam Game Caro\Game Caro\Version_1\Debug\link.3008-cvtres.read.1.tlog
C:\Users\VietNamSon\OneDrive\Desktop\Caro\Lam Game Caro\Game Caro\Version_1\Debug\link.3008-cvtres.write.1.tlog
C:\Users\VietNamSon\OneDrive\Desktop\Caro\Lam Game Caro\Game Caro\Version_1\Debug\link.3008-rc.read.1.tlog
C:\Users\VietNamSon\OneDrive\Desktop\Caro\Lam Game Caro\Game Caro\Version_1\Debug\link.3008-rc.write.1.tlog
C:\Users\VietNamSon\OneDrive\Desktop\Caro\Lam Game Caro\Game Caro\Version_1\Debug\link.3008.read.1.tlog
C:\Users\VietNamSon\OneDrive\Desktop\Caro\Lam Game Caro\Game Caro\Version_1\Debug\link.3008.write.1.tlog
C:\Users\VietNamSon\OneDrive\Desktop\Caro\Lam Game Caro\Game Caro\Version_1\Debug\link.3396-cvtres.read.1.tlog
C:\Users\VietNamSon\OneDrive\Desktop\Caro\Lam Game Caro\Game Caro\Version_1\Debug\link.3396-cvtres.write.1.tlog
C:\Users\VietNamSon\OneDrive\Desktop\Caro\Lam Game Caro\Game Caro\Version_1\Debug\link.3396-rc.read.1.tlog
C:\Users\VietNamSon\OneDrive\Desktop\Caro\Lam Game Caro\Game Caro\Version_1\Debug\link.3396-rc.write.1.tlog
C:\Users\VietNamSon\OneDrive\Desktop\Caro\Lam Game Caro\Game Caro\Version_1\Debug\link.3396.read.1.tlog
C:\Users\VietNamSon\OneDrive\Desktop\Caro\Lam Game Caro\Game Caro\Version_1\Debug\link.3396.write.1.tlog
C:\Users\VietNamSon\OneDrive\Desktop\Caro\Lam Game Caro\Game Caro\Version_1\Debug\link.5908-cvtres.read.1.tlog
C:\Users\VietNamSon\OneDrive\Desktop\Caro\Lam Game Caro\Game Caro\Version_1\Debug\link.5908-cvtres.write.1.tlog
C:\Users\VietNamSon\OneDrive\Desktop\Caro\Lam Game Caro\Game Caro\Version_1\Debug\link.5908-rc.read.1.tlog
C:\Users\VietNamSon\OneDrive\Desktop\Caro\Lam Game Caro\Game Caro\Version_1\Debug\link.5908-rc.write.1.tlog
C:\Users\VietNamSon\OneDrive\Desktop\Caro\Lam Game Caro\Game Caro\Version_1\Debug\link.5908.read.1.tlog
C:\Users\VietNamSon\OneDrive\Desktop\Caro\Lam Game Caro\Game Caro\Version_1\Debug\link.5908.write.1.tlog
C:\Users\VietNamSon\OneDrive\Desktop\Caro\Lam Game Caro\Game Caro\Version_1\Debug\link.6380-cvtres.read.1.tlog
C:\Users\VietNamSon\OneDrive\Desktop\Caro\Lam Game Caro\Game Caro\Version_1\Debug\link.6380-cvtres.write.1.tlog
C:\Users\VietNamSon\OneDrive\Desktop\Caro\Lam Game Caro\Game Caro\Version_1\Debug\link.6380-rc.read.1.tlog
C:\Users\VietNamSon\OneDrive\Desktop\Caro\Lam Game Caro\Game Caro\Version_1\Debug\link.6380-rc.write.1.tlog
C:\Users\VietNamSon\OneDrive\Desktop\Caro\Lam Game Caro\Game Caro\Version_1\Debug\link.6380.read.1.tlog
C:\Users\VietNamSon\OneDrive\Desktop\Caro\Lam Game Caro\Game Caro\Version_1\Debug\link.6380.write.1.tlog
C:\Users\VietNamSon\OneDrive\Desktop\Caro\Lam Game Caro\Game Caro\Version_1\Debug\link.6684-cvtres.read.1.tlog
C:\Users\VietNamSon\OneDrive\Desktop\Caro\Lam Game Caro\Game Caro\Version_1\Debug\link.6684-cvtres.write.1.tlog
C:\Users\VietNamSon\OneDrive\Desktop\Caro\Lam Game Caro\Game Caro\Version_1\Debug\link.6684-rc.read.1.tlog
C:\Users\VietNamSon\OneDrive\Desktop\Caro\Lam Game Caro\Game Caro\Version_1\Debug\link.6684-rc.write.1.tlog
C:\Users\VietNamSon\OneDrive\Desktop\Caro\Lam Game Caro\Game Caro\Version_1\Debug\link.6684.read.1.tlog
C:\Users\VietNamSon\OneDrive\Desktop\Caro\Lam Game Caro\Game Caro\Version_1\Debug\link.6684.write.1.tlog
C:\Users\VietNamSon\OneDrive\Desktop\Caro\Lam Game Caro\Game Caro\Version_1\Debug\link.7008-cvtres.read.1.tlog
C:\Users\VietNamSon\OneDrive\Desktop\Caro\Lam Game Caro\Game Caro\Version_1\Debug\link.7008-cvtres.write.1.tlog
C:\Users\VietNamSon\OneDrive\Desktop\Caro\Lam Game Caro\Game Caro\Version_1\Debug\link.7008-rc.read.1.tlog
C:\Users\VietNamSon\OneDrive\Desktop\Caro\Lam Game Caro\Game Caro\Version_1\Debug\link.7008-rc.write.1.tlog
C:\Users\VietNamSon\OneDrive\Desktop\Caro\Lam Game Caro\Game Caro\Version_1\Debug\link.7008.read.1.tlog
C:\Users\VietNamSon\OneDrive\Desktop\Caro\Lam Game Caro\Game Caro\Version_1\Debug\link.7008.write.1.tlog
C:\Users\VietNamSon\OneDrive\Desktop\Caro\Lam Game Caro\Game Caro\Version_1\Debug\link.7152-cvtres.read.1.tlog
C:\Users\VietNamSon\OneDrive\Desktop\Caro\Lam Game Caro\Game Caro\Version_1\Debug\link.7152-cvtres.write.1.tlog
C:\Users\VietNamSon\OneDrive\Desktop\Caro\Lam Game Caro\Game Caro\Version_1\Debug\link.7152-rc.read.1.tlog
C:\Users\VietNamSon\OneDrive\Desktop\Caro\Lam Game Caro\Game Caro\Version_1\Debug\link.7152-rc.write.1.tlog
C:\Users\VietNamSon\OneDrive\Desktop\Caro\Lam Game Caro\Game Caro\Version_1\Debug\link.7152.read.1.tlog
C:\Users\VietNamSon\OneDrive\Desktop\Caro\Lam Game Caro\Game Caro\Version_1\Debug\link.7152.write.1.tlog
C:\Users\VietNamSon\OneDrive\Desktop\Caro\Lam Game Caro\Game Caro\Version_1\Debug\link.7328-cvtres.read.1.tlog
C:\Users\VietNamSon\OneDrive\Desktop\Caro\Lam Game Caro\Game Caro\Version_1\Debug\link.7328-cvtres.write.1.tlog
C:\Users\VietNamSon\OneDrive\Desktop\Caro\Lam Game Caro\Game Caro\Version_1\Debug\link.7328-rc.read.1.tlog
C:\Users\VietNamSon\OneDrive\Desktop\Caro\Lam Game Caro\Game Caro\Version_1\Debug\link.7328-rc.write.1.tlog
C:\Users\VietNamSon\OneDrive\Desktop\Caro\Lam Game Caro\Game Caro\Version_1\Debug\link.7328.read.1.tlog
C:\Users\VietNamSon\OneDrive\Desktop\Caro\Lam Game Caro\Game Caro\Version_1\Debug\link.7328.write.1.tlog
C:\Users\VietNamSon\OneDrive\Desktop\Caro\Lam Game Caro\Game Caro\Version_1\Debug\link.7528-cvtres.read.1.tlog
C:\Users\VietNamSon\OneDrive\Desktop\Caro\Lam Game Caro\Game Caro\Version_1\Debug\link.7528-cvtres.write.1.tlog
C:\Users\VietNamSon\OneDrive\Desktop\Caro\Lam Game Caro\Game Caro\Version_1\Debug\link.7528-rc.read.1.tlog
C:\Users\VietNamSon\OneDrive\Desktop\Caro\Lam Game Caro\Game Caro\Version_1\Debug\link.7528-rc.write.1.tlog
C:\Users\VietNamSon\OneDrive\Desktop\Caro\Lam Game Caro\Game Caro\Version_1\Debug\link.7528.read.1.tlog
C:\Users\VietNamSon\OneDrive\Desktop\Caro\Lam Game Caro\Game Caro\Version_1\Debug\link.7528.write.1.tlog
C:\Users\VietNamSon\OneDrive\Desktop\Caro\Lam Game Caro\Game Caro\Version_1\Debug\link.8296-cvtres.read.1.tlog
C:\Users\VietNamSon\OneDrive\Desktop\Caro\Lam Game Caro\Game Caro\Version_1\Debug\link.8296-cvtres.write.1.tlog
C:\Users\VietNamSon\OneDrive\Desktop\Caro\Lam Game Caro\Game Caro\Version_1\Debug\link.8296-rc.read.1.tlog
C:\Users\VietNamSon\OneDrive\Desktop\Caro\Lam Game Caro\Game Caro\Version_1\Debug\link.8296-rc.write.1.tlog
C:\Users\VietNamSon\OneDrive\Desktop\Caro\Lam Game Caro\Game Caro\Version_1\Debug\link.8296.read.1.tlog
C:\Users\VietNamSon\OneDrive\Desktop\Caro\Lam Game Caro\Game Caro\Version_1\Debug\link.8296.write.1.tlog
C:\Users\VietNamSon\OneDrive\Desktop\Caro\Lam Game Caro\Game Caro\Version_1\Debug\link.8812-cvtres.read.1.tlog
C:\Users\VietNamSon\OneDrive\Desktop\Caro\Lam Game Caro\Game Caro\Version_1\Debug\link.8812-cvtres.write.1.tlog
C:\Users\VietNamSon\OneDrive\Desktop\Caro\Lam Game Caro\Game Caro\Version_1\Debug\link.8812-rc.read.1.tlog
C:\Users\VietNamSon\OneDrive\Desktop\Caro\Lam Game Caro\Game Caro\Version_1\Debug\link.8812-rc.write.1.tlog
C:\Users\VietNamSon\OneDrive\Desktop\Caro\Lam Game Caro\Game Caro\Version_1\Debug\link.8812.read.1.tlog
C:\Users\VietNamSon\OneDrive\Desktop\Caro\Lam Game Caro\Game Caro\Version_1\Debug\link.8812.write.1.tlog
C:\Users\VietNamSon\OneDrive\Desktop\Caro\Lam Game Caro\Game Caro\Version_1\Debug\link.9700-cvtres.read.1.tlog
C:\Users\VietNamSon\OneDrive\Desktop\Caro\Lam Game Caro\Game Caro\Version_1\Debug\link.9700-cvtres.write.1.tlog
C:\Users\VietNamSon\OneDrive\Desktop\Caro\Lam Game Caro\Game Caro\Version_1\Debug\link.9700-rc.read.1.tlog
C:\Users\VietNamSon\OneDrive\Desktop\Caro\Lam Game Caro\Game Caro\Version_1\Debug\link.9700-rc.write.1.tlog
C:\Users\VietNamSon\OneDrive\Desktop\Caro\Lam Game Caro\Game Caro\Version_1\Debug\link.9700.read.1.tlog
C:\Users\VietNamSon\OneDrive\Desktop\Caro\Lam Game Caro\Game Caro\Version_1\Debug\link.9700.write.1.tlog
C:\Users\VietNamSon\OneDrive\Desktop\Caro\Lam Game Caro\Game Caro\Version_1\Debug\link.command.1.tlog
C:\Users\VietNamSon\OneDrive\Desktop\Caro\Lam Game Caro\Game Caro\Version_1\Debug\link.read.1.tlog
C:\Users\VietNamSon\OneDrive\Desktop\Caro\Lam Game Caro\Game Caro\Version_1\Debug\link.write.1.tlog
C:\Users\VietNamSon\OneDrive\Desktop\Caro\Lam Game Caro\Game Caro\Version_1\Debug\vc110.idb
C:\Users\VietNamSon\OneDrive\Desktop\Caro\Lam Game Caro\Game Caro\Version_1\Debug\vc110.pdb
C:\Users\VietNamSon\OneDrive\Desktop\Caro\Lam Game Caro\Game Caro\Debug\Version_1.pdb
C:\Users\VietNamSon\OneDrive\Desktop\Caro\Lam Game Caro\Game Caro\Debug\Version_1.exe
C:\Users\VietNamSon\OneDrive\Desktop\Caro\Lam Game Caro\Game Caro\Debug\Version_1.ilk
