Build started 1/17/2019 8:32:23 PM.
     1>Project "C:\Users\VietNamSon\OneDrive\Desktop\Caro\Bai Tap Caro\Version_2_ChamDapAnTuDong\Version_2_ChamDapAnTuDong.vcxproj" on node 2 (Build target(s)).
     1>ClCompile:
         C:\Program Files (x86)\Microsoft Visual Studio 11.0\VC\bin\CL.exe /c /ZI /nologo /W3 /WX- /Od /Oy- /D _MBCS /Gm /EHsc /RTC1 /MDd /GS /fp:precise /Zc:wchar_t /Zc:forScope /Fo"Debug\\" /Fd"Debug\vc110.pdb" /Gd /TP /analyze- /errorReport:prompt Source.cpp
         Source.cpp
     1>c:\users\vietnamson\onedrive\desktop\caro\bai tap caro\version_2_chamdapantudong\source.cpp(258): warning C4996: 'fopen': This function or variable may be unsafe. Consider using fopen_s instead. To disable deprecation, use _CRT_SECURE_NO_WARNINGS. See online help for details.
                 c:\program files (x86)\microsoft visual studio 11.0\vc\include\stdio.h(218) : see declaration of 'fopen'
     1>c:\users\vietnamson\onedrive\desktop\caro\bai tap caro\version_2_chamdapantudong\source.cpp(264): warning C4996: 'fscanf': This function or variable may be unsafe. Consider using fscanf_s instead. To disable deprecation, use _CRT_SECURE_NO_WARNINGS. See online help for details.
                 c:\program files (x86)\microsoft visual studio 11.0\vc\include\stdio.h(237) : see declaration of 'fscanf'
     1>c:\users\vietnamson\onedrive\desktop\caro\bai tap caro\version_2_chamdapantudong\source.cpp(278): warning C4996: 'fscanf': This function or variable may be unsafe. Consider using fscanf_s instead. To disable deprecation, use _CRT_SECURE_NO_WARNINGS. See online help for details.
                 c:\program files (x86)\microsoft visual studio 11.0\vc\include\stdio.h(237) : see declaration of 'fscanf'
     1>c:\users\vietnamson\onedrive\desktop\caro\bai tap caro\version_2_chamdapantudong\source.cpp(308): warning C4996: 'fopen': This function or variable may be unsafe. Consider using fopen_s instead. To disable deprecation, use _CRT_SECURE_NO_WARNINGS. See online help for details.
                 c:\program files (x86)\microsoft visual studio 11.0\vc\include\stdio.h(218) : see declaration of 'fopen'
     1>c:\users\vietnamson\onedrive\desktop\caro\bai tap caro\version_2_chamdapantudong\source.cpp(318): warning C4172: returning address of local variable or temporary
     1>c:\users\vietnamson\onedrive\desktop\caro\bai tap caro\version_2_chamdapantudong\source.cpp(334): warning C4996: 'strcpy': This function or variable may be unsafe. Consider using strcpy_s instead. To disable deprecation, use _CRT_SECURE_NO_WARNINGS. See online help for details.
                 c:\program files (x86)\microsoft visual studio 11.0\vc\include\string.h(110) : see declaration of 'strcpy'
     1>c:\users\vietnamson\onedrive\desktop\caro\bai tap caro\version_2_chamdapantudong\source.cpp(349): warning C4996: 'strcpy': This function or variable may be unsafe. Consider using strcpy_s instead. To disable deprecation, use _CRT_SECURE_NO_WARNINGS. See online help for details.
                 c:\program files (x86)\microsoft visual studio 11.0\vc\include\string.h(110) : see declaration of 'strcpy'
     1>c:\users\vietnamson\onedrive\desktop\caro\bai tap caro\version_2_chamdapantudong\source.cpp(410): warning C4996: 'strcpy': This function or variable may be unsafe. Consider using strcpy_s instead. To disable deprecation, use _CRT_SECURE_NO_WARNINGS. See online help for details.
                 c:\program files (x86)\microsoft visual studio 11.0\vc\include\string.h(110) : see declaration of 'strcpy'
     1>c:\users\vietnamson\onedrive\desktop\caro\bai tap caro\version_2_chamdapantudong\source.cpp(411): warning C4996: 'strcpy': This function or variable may be unsafe. Consider using strcpy_s instead. To disable deprecation, use _CRT_SECURE_NO_WARNINGS. See online help for details.
                 c:\program files (x86)\microsoft visual studio 11.0\vc\include\string.h(110) : see declaration of 'strcpy'
     1>c:\users\vietnamson\onedrive\desktop\caro\bai tap caro\version_2_chamdapantudong\source.cpp(413): warning C4996: 'strcat': This function or variable may be unsafe. Consider using strcat_s instead. To disable deprecation, use _CRT_SECURE_NO_WARNINGS. See online help for details.
                 c:\program files (x86)\microsoft visual studio 11.0\vc\include\string.h(115) : see declaration of 'strcat'
     1>c:\users\vietnamson\onedrive\desktop\caro\bai tap caro\version_2_chamdapantudong\source.cpp(413): warning C4996: 'itoa': The POSIX name for this item is deprecated. Instead, use the ISO C++ conformant name: _itoa. See online help for details.
                 c:\program files (x86)\microsoft visual studio 11.0\vc\include\stdlib.h(909) : see declaration of 'itoa'
     1>c:\users\vietnamson\onedrive\desktop\caro\bai tap caro\version_2_chamdapantudong\source.cpp(414): warning C4996: 'strcat': This function or variable may be unsafe. Consider using strcat_s instead. To disable deprecation, use _CRT_SECURE_NO_WARNINGS. See online help for details.
                 c:\program files (x86)\microsoft visual studio 11.0\vc\include\string.h(115) : see declaration of 'strcat'
     1>c:\users\vietnamson\onedrive\desktop\caro\bai tap caro\version_2_chamdapantudong\source.cpp(415): warning C4996: 'strcat': This function or variable may be unsafe. Consider using strcat_s instead. To disable deprecation, use _CRT_SECURE_NO_WARNINGS. See online help for details.
                 c:\program files (x86)\microsoft visual studio 11.0\vc\include\string.h(115) : see declaration of 'strcat'
     1>c:\users\vietnamson\onedrive\desktop\caro\bai tap caro\version_2_chamdapantudong\source.cpp(416): warning C4996: 'strcat': This function or variable may be unsafe. Consider using strcat_s instead. To disable deprecation, use _CRT_SECURE_NO_WARNINGS. See online help for details.
                 c:\program files (x86)\microsoft visual studio 11.0\vc\include\string.h(115) : see declaration of 'strcat'
     1>c:\users\vietnamson\onedrive\desktop\caro\bai tap caro\version_2_chamdapantudong\source.cpp(445): warning C4996: 'getch': The POSIX name for this item is deprecated. Instead, use the ISO C++ conformant name: _getch. See online help for details.
                 c:\program files (x86)\microsoft visual studio 11.0\vc\include\conio.h(131) : see declaration of 'getch'
       Link:
         C:\Program Files (x86)\Microsoft Visual Studio 11.0\VC\bin\link.exe /ERRORREPORT:PROMPT /OUT:"C:\Users\VietNamSon\OneDrive\Desktop\Caro\Bai Tap Caro\Debug\Version_2_ChamDapAnTuDong.exe" /INCREMENTAL /NOLOGO kernel32.lib user32.lib gdi32.lib winspool.lib comdlg32.lib advapi32.lib shell32.lib ole32.lib oleaut32.lib uuid.lib odbc32.lib odbccp32.lib /MANIFEST /MANIFESTUAC:"level='asInvoker' uiAccess='false'" /manifest:embed /DEBUG /PDB:"C:\Users\VietNamSon\OneDrive\Desktop\Caro\Bai Tap Caro\Debug\Version_2_ChamDapAnTuDong.pdb" /TLBID:1 /DYNAMICBASE /NXCOMPAT /IMPLIB:"C:\Users\VietNamSon\OneDrive\Desktop\Caro\Bai Tap Caro\Debug\Version_2_ChamDapAnTuDong.lib" /MACHINE:X86 Debug\Source.obj
         Version_2_ChamDapAnTuDong.vcxproj -> C:\Users\VietNamSon\OneDrive\Desktop\Caro\Bai Tap Caro\Debug\Version_2_ChamDapAnTuDong.exe
     1>Done Building Project "C:\Users\VietNamSon\OneDrive\Desktop\Caro\Bai Tap Caro\Version_2_ChamDapAnTuDong\Version_2_ChamDapAnTuDong.vcxproj" (Build target(s)).

Build succeeded.

Time Elapsed 00:00:02.06
